{
  "RSpec": {
    "coverage": {
      "/home/sheepish-cookie-4328/tic-tac-toe-rb-ruby-intro-000/lib/tic_tac_toe.rb": [
        null,
        1,
        null,
        null,
        null,
        null,
        null,
        null,
        null,
        null,
        null,
        1,
        15,
        15,
        15,
        15,
        15,
        null,
        null,
        1,
        17,
        null,
        null,
        1,
        16,
        null,
        null,
        1,
        74,
        61,
        13,
        13,
        null,
        null,
        null,
        1,
        17,
        null,
        null,
        1,
        15,
        15,
        135,
        11,
        null,
        null,
        15,
        null,
        null,
        1,
        14,
        10,
        null,
        4,
        null,
        null,
        null,
        1,
        14,
        14,
        14,
        14,
        13,
        13,
        13,
        null,
        1,
        null,
        null,
        null,
        1,
        22,
        130,
        10,
        null,
        null,
        12,
        null,
        null,
        1,
        25,
        97,
        null,
        null,
        null,
        null,
        1,
        12,
        null,
        null,
        1,
        12,
        null,
        null,
        1,
        3,
        3,
        2,
        null,
        null,
        null,
        1,
        9,
        9,
        null,
        4,
        5,
        5,
        null,
        null
      ]
    },
    "timestamp": 1600825391
  }
}
