{
  "RSpec": {
    "coverage": {
      "/home/sheepish-cookie-4328/tic-tac-toe-rb-ruby-intro-000/lib/tic_tac_toe.rb": [
        null,
        1,
        null,
        null,
        null,
        null,
        null,
        null,
        null,
        null,
        null,
        1,
        15,
        15,
        15,
        15,
        15,
        null,
        null,
        1,
        17,
        null,
        null,
        1,
        16,
        null,
        null,
        1,
        79,
        63,
        16,
        16,
        null,
        null,
        null,
        1,
        17,
        null,
        null,
        1,
        15,
        15,
        135,
        11,
        null,
        null,
        15,
        null,
        null,
        1,
        14,
        10,
        null,
        4,
        null,
        null,
        null,
        1,
        14,
        14,
        14,
        14,
        13,
        13,
        13,
        null,
        1,
        null,
        null,
        null,
        1,
        29,
        167,
        13,
        null,
        null,
        16,
        null,
        null,
        1,
        29,
        133,
        null,
        null,
        null,
        null,
        1,
        14,
        null,
        null,
        1,
        14,
        null,
        null,
        1,
        6,
        6,
        5,
        null,
        null,
        null,
        1,
        11,
        11,
        4,
        7,
        7,
        null,
        null
      ]
    },
    "timestamp": 1600825826
  }
}
